<?xml version="1.0" encoding="UTF-8"?>
<!-- Generated by org.testng.reporters.JUnitReportReporter -->
<testsuite hostname="DESKTOP-R1731C6" failures="0" tests="1" name="com.ecommerce.test.GoogleSearch" time="2.832" errors="0" timestamp="2024-02-08T15:00:03 IST" skipped="0">
  <testcase classname="com.ecommerce.test.GoogleSearch" name="searchGoogleAndTestTitleText" time="2.832"/>
</testsuite> <!-- com.ecommerce.test.GoogleSearch -->
