<?xml version="1.0" encoding="UTF-8"?>
<!-- Generated by org.testng.reporters.JUnitReportReporter -->
<testsuite hostname="DESKTOP-R1731C6" failures="0" tests="4" name="com.ecommerce.test.GoogleSearch" time="32.687" errors="0" timestamp="2024-02-08T16:45:15 IST" skipped="0">
  <testcase classname="com.ecommerce.test.GoogleSearch" name="searchGoogleAndTestTitleText" time="1.504"/>
  <testcase classname="com.ecommerce.test.GoogleSearch" name="googleNewAccCreation" time="19.542"/>
  <testcase classname="com.ecommerce.test.GoogleSearch" name="googleNewAccCreation" time="11.627"/>
  <testcase classname="com.ecommerce.test.GoogleSearch" name="f3" time="0.014"/>
</testsuite> <!-- com.ecommerce.test.GoogleSearch -->
