<?xml version="1.0" encoding="UTF-8"?>
<!-- Generated by org.testng.reporters.JUnitReportReporter -->
<testsuite hostname="DESKTOP-R1731C6" failures="0" tests="2" name="com.ecommerce.test.FBRegistration" time="7.250" errors="0" timestamp="2024-02-07T17:38:20 IST" skipped="0">
  <testcase classname="com.ecommerce.test.FBRegistration" name="searchGoogleAndTestTitleText" time="1.961"/>
  <testcase classname="com.ecommerce.test.FBRegistration" name="fbAccount" time="5.289"/>
</testsuite> <!-- com.ecommerce.test.FBRegistration -->
