<?xml version="1.0" encoding="UTF-8"?>
<!-- Generated by org.testng.reporters.JUnitReportReporter -->
<testsuite hostname="DESKTOP-R1731C6" failures="0" tests="3" name="com.ecommerce.test.FBRegistration" time="5.708" errors="0" timestamp="2024-02-08T16:40:45 IST" skipped="0">
  <testcase classname="com.ecommerce.test.FBRegistration" name="f1" time="0.115"/>
  <testcase classname="com.ecommerce.test.FBRegistration" name="fbAccount" time="5.570"/>
  <testcase classname="com.ecommerce.test.FBRegistration" name="f2" time="0.023"/>
</testsuite> <!-- com.ecommerce.test.FBRegistration -->
