<?xml version="1.0" encoding="UTF-8"?>
<!-- Generated by org.testng.reporters.JUnitReportReporter -->
<testsuite hostname="DESKTOP-R1731C6" failures="0" tests="3" name="com.ecommerce.test.FBRegistration" time="7.750" errors="0" timestamp="2024-02-08T16:45:15 IST" skipped="0">
  <testcase classname="com.ecommerce.test.FBRegistration" name="f1" time="0.016"/>
  <testcase classname="com.ecommerce.test.FBRegistration" name="f2" time="0.012"/>
  <testcase classname="com.ecommerce.test.FBRegistration" name="fbAccount" time="7.722"/>
</testsuite> <!-- com.ecommerce.test.FBRegistration -->
