<?xml version="1.0" encoding="UTF-8"?>
<!-- Generated by org.testng.reporters.JUnitReportReporter -->
<testsuite hostname="DESKTOP-R1731C6" failures="0" tests="3" name="com.ecommerce.test.GridTest" time="3.755" errors="0" timestamp="2024-02-09T15:21:50 IST" skipped="1">
  <testcase classname="com.ecommerce.test.GridTest" name="f3" time="0.012"/>
  <testcase classname="com.ecommerce.test.GridTest" name="searchGoogleAndTestTitleText" time="3.743"/>
  <testcase classname="com.ecommerce.test.GridTest" name="googleNewAccCreation">
    <skipped/>
  </testcase> <!-- googleNewAccCreation -->
</testsuite> <!-- com.ecommerce.test.GridTest -->
