<?xml version="1.0" encoding="UTF-8"?>
<!-- Generated by org.testng.reporters.JUnitReportReporter -->
<testsuite hostname="DESKTOP-R1731C6" failures="0" tests="2" name="com.ecommerce.test.GoogleSearch" time="3.650" errors="0" timestamp="2024-02-08T15:29:14 IST" skipped="0">
  <testcase classname="com.ecommerce.test.GoogleSearch" name="searchGoogleAndTestTitleText" time="3.645"/>
  <testcase classname="com.ecommerce.test.GoogleSearch" name="f3" time="0.005"/>
</testsuite> <!-- com.ecommerce.test.GoogleSearch -->
