<?xml version="1.0" encoding="UTF-8"?>
<!-- Generated by org.testng.reporters.JUnitReportReporter -->
<testsuite hostname="DESKTOP-R1731C6" failures="0" tests="4" name="com.ecommerce.test.GoogleSearch" time="26.468" errors="0" timestamp="2024-02-08T15:48:05 IST" skipped="0">
  <testcase classname="com.ecommerce.test.GoogleSearch" name="googleNewAccCreation" time="11.356"/>
  <testcase classname="com.ecommerce.test.GoogleSearch" name="searchGoogleAndTestTitleText" time="1.377"/>
  <testcase classname="com.ecommerce.test.GoogleSearch" name="googleNewAccCreation" time="13.724"/>
  <testcase classname="com.ecommerce.test.GoogleSearch" name="f3" time="0.011"/>
</testsuite> <!-- com.ecommerce.test.GoogleSearch -->
