<?xml version="1.0" encoding="UTF-8"?>
<!-- Generated by org.testng.reporters.JUnitReportReporter -->
<testsuite hostname="DESKTOP-R1731C6" failures="0" tests="3" name="com.ecommerce.test.FBRegistration" time="4.933" errors="0" timestamp="2024-02-08T15:00:03 IST" skipped="0">
  <testcase classname="com.ecommerce.test.FBRegistration" name="f2" time="0.031"/>
  <testcase classname="com.ecommerce.test.FBRegistration" name="f1" time="0.049"/>
  <testcase classname="com.ecommerce.test.FBRegistration" name="fbAccount" time="4.853"/>
</testsuite> <!-- com.ecommerce.test.FBRegistration -->
